<?xml version="1.0" encoding="UTF-8"?>
<testng-results ignored="2" total="4" passed="2" failed="0" skipped="0">
  <reporter-output>
  </reporter-output>
  <suite started-at="2023-08-22T01:55:17 EDT" name="Automation Test RegressionSuite for API" finished-at="2023-08-22T01:55:20 EDT" duration-ms="2791">
    <groups>
      <group name="RegressionSuit">
        <method signature="TestingPostMethod.complexpojo()[pri:0, instance:api.com.tests.TestingPostMethod@740773a3]" name="complexpojo" class="api.com.tests.TestingPostMethod"/>
        <method signature="postmethodjson.validatestatusCodeGetUsers()[pri:0, instance:api.com.tests.postmethodjson@672872e1]" name="validatestatusCodeGetUsers" class="api.com.tests.postmethodjson"/>
      </group> <!-- RegressionSuit -->
    </groups>
    <test started-at="2023-08-22T01:55:17 EDT" name="Automation Test Cases" finished-at="2023-08-22T01:55:20 EDT" duration-ms="2791">
      <class name="api.com.tests.postmethodjson">
        <test-method is-config="true" signature="config()[pri:0, instance:api.com.tests.postmethodjson@672872e1]" started-at="2023-08-22T01:55:16 EDT" name="config" finished-at="2023-08-22T01:55:17 EDT" duration-ms="273" status="PASS">
          <reporter-output>
          </reporter-output>
        </test-method> <!-- config -->
        <test-method is-config="true" signature="LogBeforeMethod()[pri:0, instance:api.com.tests.postmethodjson@672872e1]" started-at="2023-08-22T01:55:17 EDT" name="LogBeforeMethod" finished-at="2023-08-22T01:55:17 EDT" duration-ms="0" status="PASS">
          <reporter-output>
          </reporter-output>
        </test-method> <!-- LogBeforeMethod -->
        <test-method signature="validatestatusCodeGetUsers()[pri:0, instance:api.com.tests.postmethodjson@672872e1]" started-at="2023-08-22T01:55:17 EDT" name="validatestatusCodeGetUsers" description="Validate the status code for Post users endpoint" finished-at="2023-08-22T01:55:19 EDT" duration-ms="2414" status="PASS">
          <reporter-output>
          </reporter-output>
        </test-method> <!-- validatestatusCodeGetUsers -->
        <test-method is-config="true" signature="getResult(org.testng.ITestResult)[pri:0, instance:api.com.tests.postmethodjson@672872e1]" started-at="2023-08-22T01:55:19 EDT" name="getResult" finished-at="2023-08-22T01:55:19 EDT" duration-ms="7" status="PASS">
          <params>
            <param index="0">
              <value>
                <![CDATA[[TestResult name=validatestatusCodeGetUsers status=SUCCESS method=postmethodjson.validatestatusCodeGetUsers()[pri:0, instance:api.com.tests.postmethodjson@672872e1] output={null}]]]>
              </value>
            </param>
          </params>
          <reporter-output>
          </reporter-output>
        </test-method> <!-- getResult -->
        <test-method is-config="true" signature="endReport()[pri:0, instance:api.com.tests.postmethodjson@672872e1]" started-at="2023-08-22T01:55:20 EDT" name="endReport" finished-at="2023-08-22T01:55:20 EDT" duration-ms="252" status="PASS">
          <reporter-output>
          </reporter-output>
        </test-method> <!-- endReport -->
      </class> <!-- api.com.tests.postmethodjson -->
      <class name="api.com.tests.TestingPostMethod">
        <test-method is-config="true" signature="LogBeforeMethod()[pri:0, instance:api.com.tests.TestingPostMethod@740773a3]" started-at="2023-08-22T01:55:19 EDT" name="LogBeforeMethod" finished-at="2023-08-22T01:55:19 EDT" duration-ms="3" status="PASS">
          <reporter-output>
          </reporter-output>
        </test-method> <!-- LogBeforeMethod -->
        <test-method signature="complexpojo()[pri:0, instance:api.com.tests.TestingPostMethod@740773a3]" started-at="2023-08-22T01:55:19 EDT" name="complexpojo" description="Chcecking complex pojo" finished-at="2023-08-22T01:55:20 EDT" duration-ms="311" status="PASS">
          <reporter-output>
          </reporter-output>
        </test-method> <!-- complexpojo -->
        <test-method is-config="true" signature="getResult(org.testng.ITestResult)[pri:0, instance:api.com.tests.TestingPostMethod@740773a3]" started-at="2023-08-22T01:55:20 EDT" name="getResult" finished-at="2023-08-22T01:55:20 EDT" duration-ms="1" status="PASS">
          <params>
            <param index="0">
              <value>
                <![CDATA[[TestResult name=complexpojo status=SUCCESS method=TestingPostMethod.complexpojo()[pri:0, instance:api.com.tests.TestingPostMethod@740773a3] output={null}]]]>
              </value>
            </param>
          </params>
          <reporter-output>
          </reporter-output>
        </test-method> <!-- getResult -->
      </class> <!-- api.com.tests.TestingPostMethod -->
    </test> <!-- Automation Test Cases -->
  </suite> <!-- Automation Test RegressionSuite for API -->
</testng-results>
