<?xml version="1.0" encoding="UTF-8"?>
<!-- Generated by org.testng.reporters.JUnitXMLReporter -->
<testsuite ignored="0" hostname="DESKTOP-P2FITBV" failures="0" tests="1" name="PostMethod" time="0.052" errors="0" timestamp="2023-08-18T22:46:17 EDT">
  <testcase classname="api.com.core.BaseTest" name="@BeforeSuite config" time="0.04">
    <failure type="java.lang.NullPointerException">
      <![CDATA[java.lang.NullPointerException
at java.base/java.io.File.<init>(File.java:278)
at api.com.util.Helper.CreateFolder(Helper.java:30)
at api.com.core.BaseTest.config(BaseTest.java:23)
... Removed 19 stack frames]]>
    </failure>
  </testcase> <!-- @BeforeSuite config -->
  <testcase classname="api.com.core.BaseTest" name="@AfterMethod getResult" time="0.004">
    <failure type="java.lang.NullPointerException" message="Cannot invoke &amp;quot;com.relevantcodes.extentreports.ExtentReports.endTest(com.relevantcodes.extentreports.ExtentTest)&amp;quot; because &amp;quot;api.com.util.ExtentReport.extentreport&amp;quot; is null">
      <![CDATA[java.lang.NullPointerException: Cannot invoke "com.relevantcodes.extentreports.ExtentReports.endTest(com.relevantcodes.extentreports.ExtentTest)" because "api.com.util.ExtentReport.extentreport" is null
at api.com.core.BaseTest.getResult(BaseTest.java:46)
at java.base/java.util.ArrayList.forEach(ArrayList.java:1511)
... Removed 32 stack frames]]>
    </failure>
  </testcase> <!-- @AfterMethod getResult -->
  <testcase classname="api.com.tests.postmethodjson" name="validatestatusCodeGetUsers" time="0.0">
    <skipped/>
  </testcase> <!-- validatestatusCodeGetUsers -->
</testsuite> <!-- PostMethod -->
