<?xml version="1.0" encoding="UTF-8"?>
<!-- Generated by org.testng.reporters.JUnitXMLReporter -->
<testsuite ignored="2" hostname="DESKTOP-P2FITBV" failures="0" tests="2" name="Automation Test Cases" time="2.791" errors="0" timestamp="2023-08-22T01:55:20 EDT">
  <testcase classname="api.com.tests.postmethodjson" name="validatestatusCodeGetUsers" time="2.414"/>
  <testcase classname="api.com.tests.TestingPostMethod" name="complexpojo" time="0.311"/>
  <testcase classname="api.com.core.BaseTest" name="@AfterSuite endReport" time="0.0">
    <ignored/>
  </testcase> <!-- @AfterSuite endReport -->
  <testcase classname="api.com.core.BaseTest" name="@BeforeSuite config" time="0.0">
    <ignored/>
  </testcase> <!-- @BeforeSuite config -->
</testsuite> <!-- Automation Test Cases -->
